#
# There is insufficient memory for the Java Runtime Environment to continue.
# Native memory allocation (malloc) failed to allocate 329536 bytes for Chunk::new
# Possible reasons:
#   The system is out of physical RAM or swap space
#   In 32 bit mode, the process size limit was hit
# Possible solutions:
#   Reduce memory load on the system
#   Increase physical memory or swap space
#   Check if swap backing store is full
#   Use 64 bit Java on a 64 bit OS
#   Decrease Java heap size (-Xmx/-Xms)
#   Decrease number of Java threads
#   Decrease Java thread stack sizes (-Xss)
#   Set larger code cache with -XX:ReservedCodeCacheSize=
# This output file may be truncated or incomplete.
#
#  Out of Memory Error (allocation.cpp:390), pid=464, tid=0x0000000000006358
#
# JRE version: Java(TM) SE Runtime Environment (8.0_131-b11) (build 1.8.0_131-b11)
# Java VM: Java HotSpot(TM) 64-Bit Server VM (25.131-b11 mixed mode windows-amd64 compressed oops)
# Failed to write core dump. Minidumps are not enabled by default on client versions of Windows
#

---------------  T H R E A D  ---------------

Current thread (0x000000001e49e800):  JavaThread "C2 CompilerThread2" daemon [_thread_in_native, id=25432, stack(0x000000001ee60000,0x000000001ef60000)]

Stack: [0x000000001ee60000,0x000000001ef60000]
[error occurred during error reporting (printing stack bounds), id 0xc0000005]

Native frames: (J=compiled Java code, j=interpreted, Vv=VM code, C=native code)


Current CompileTask:
C2:  64058 2629   !   4       freemarker.core.FMParserTokenManager::getNextToken (618 bytes)


---------------  P R O C E S S  ---------------

Java Threads: ( => current thread )
  0x000000002089a000 JavaThread "Okio Watchdog" daemon [_thread_blocked, id=17704, stack(0x0000000022970000,0x0000000022a70000)]
  0x0000000020914800 JavaThread "OkHttp ConnectionPool" daemon [_thread_blocked, id=5336, stack(0x0000000022870000,0x0000000022970000)]
  0x000000002089c000 JavaThread "Exec Stream Pumper" daemon [_thread_in_native, id=20408, stack(0x0000000022470000,0x0000000022570000)]
  0x000000002089b800 JavaThread "Exec Stream Pumper" daemon [_thread_in_native, id=20168, stack(0x0000000022370000,0x0000000022470000)]
  0x0000000020a46800 JavaThread "Exec Default Executor" daemon [_thread_in_native, id=22688, stack(0x0000000022170000,0x0000000022270000)]
  0x000000001f531800 JavaThread "ReaderThread" [_thread_in_native, id=25228, stack(0x000000001fea0000,0x000000001ffa0000)]
  0x000000001e52d000 JavaThread "Service Thread" daemon [_thread_blocked, id=4632, stack(0x000000001f060000,0x000000001f160000)]
  0x000000001e4a7000 JavaThread "C1 CompilerThread3" daemon [_thread_in_native, id=25476, stack(0x000000001ef60000,0x000000001f060000)]
=>0x000000001e49e800 JavaThread "C2 CompilerThread2" daemon [_thread_in_native, id=25432, stack(0x000000001ee60000,0x000000001ef60000)]
  0x000000001e49b800 JavaThread "C2 CompilerThread1" daemon [_thread_in_native, id=2284, stack(0x000000001ed60000,0x000000001ee60000)]
  0x000000001e495000 JavaThread "C2 CompilerThread0" daemon [_thread_in_native, id=4100, stack(0x000000001ec60000,0x000000001ed60000)]
  0x000000001e493800 JavaThread "Attach Listener" daemon [_thread_blocked, id=22324, stack(0x000000001eb60000,0x000000001ec60000)]
  0x000000001c578800 JavaThread "Signal Dispatcher" daemon [_thread_blocked, id=8140, stack(0x000000001ea60000,0x000000001eb60000)]
  0x000000001e480800 JavaThread "Finalizer" daemon [_thread_blocked, id=15392, stack(0x000000001e860000,0x000000001e960000)]
  0x0000000002bf7000 JavaThread "Reference Handler" daemon [_thread_blocked, id=25448, stack(0x000000001e360000,0x000000001e460000)]
  0x0000000002b04000 JavaThread "main" [_thread_in_Java, id=17604, stack(0x0000000002950000,0x0000000002a50000)]

Other Threads:
  0x000000001c569800 VMThread [stack: 0x000000001e260000,0x000000001e360000] [id=22016]
  0x000000001e549000 WatcherThread [stack: 0x000000001f160000,0x000000001f260000] [id=23928]

VM state:not at safepoint (normal execution)

VM Mutex/Monitor currently owned by a thread: None

Heap:
 PSYoungGen      total 75776K, used 20677K [0x000000076ba00000, 0x0000000772700000, 0x00000007c0000000)
  eden space 65024K, 18% used [0x000000076ba00000,0x000000076c5fa0b0,0x000000076f980000)
  from space 10752K, 78% used [0x000000076f980000,0x00000007701b7508,0x0000000770400000)
  to   space 10752K, 0% used [0x0000000771c80000,0x0000000771c80000,0x0000000772700000)
 ParOldGen       total 110080K, used 9434K [0x00000006c2e00000, 0x00000006c9980000, 0x000000076ba00000)
  object space 110080K, 8% used [0x00000006c2e00000,0x00000006c3736b60,0x00000006c9980000)
 Metaspace       used 30644K, capacity 31478K, committed 31616K, reserved 1077248K
  class space    used 3892K, capacity 4107K, committed 4224K, reserved 1048576K

Card table byte_map: [0x0000000011fc0000,0x00000000127b0000] byte_map_base: 0x000000000e9a9000

Marking Bits: (ParMarkBitMap*) 0x000000005c2ac720
 Begin Bits: [0x0000000013500000, 0x0000000017448000)
 End Bits:   [0x0000000017448000, 0x000000001b390000)

Polling page: 0x00000000010a0000

CodeCache: size=245760Kb used=8873Kb max_used=8890Kb free=236886Kb
 bounds [0x0000000002c00000, 0x00000000034c0000, 0x0000000011c00000]
 total_blobs=3156 nmethods=2644 adapters=424
 compilation: enabled

Compilation events (10 events):
Event: 64.045 Thread 0x000000001e4a7000 2639       3       freemarker.core.TemplateElement::nextTerminalNode (31 bytes)
Event: 64.045 Thread 0x000000001e4a7000 nmethod 2639 0x00000000034a8d50 code [0x00000000034a8f60, 0x00000000034a9b18]
Event: 64.045 Thread 0x000000001e4a7000 2640       3       freemarker.core.TemplateElement::prevTerminalNode (31 bytes)
Event: 64.046 Thread 0x000000001e4a7000 nmethod 2640 0x00000000034a9ed0 code [0x00000000034aa0e0, 0x00000000034aacb8]
Event: 64.046 Thread 0x000000001e4a7000 2637       1       freemarker.core.TemplateElement::getParentElement (5 bytes)
Event: 64.046 Thread 0x000000001e4a7000 nmethod 2637 0x0000000003470790 code [0x00000000034708e0, 0x00000000034709f0]
Event: 64.046 Thread 0x000000001e4a7000 2644       1       freemarker.core.TemplateElement::isIgnorable (2 bytes)
Event: 64.046 Thread 0x000000001e4a7000 nmethod 2644 0x00000000034ab090 code [0x00000000034ab1e0, 0x00000000034ab2f0]
Event: 64.046 Thread 0x000000001e4a7000 2646       1       freemarker.core.TemplateElement::getRegulatedChildCount (5 bytes)
Event: 64.046 Thread 0x000000001e4a7000 nmethod 2646 0x00000000034ab350 code [0x00000000034ab4a0, 0x00000000034ab5b0]

GC Heap History (8 events):
Event: 1.921 GC heap before
{Heap before GC invocations=1 (full 0):
 PSYoungGen      total 75776K, used 65024K [0x000000076ba00000, 0x0000000770e80000, 0x00000007c0000000)
  eden space 65024K, 100% used [0x000000076ba00000,0x000000076f980000,0x000000076f980000)
  from space 10752K, 0% used [0x0000000770400000,0x0000000770400000,0x0000000770e80000)
  to   space 10752K, 0% used [0x000000076f980000,0x000000076f980000,0x0000000770400000)
 ParOldGen       total 173568K, used 0K [0x00000006c2e00000, 0x00000006cd780000, 0x000000076ba00000)
  object space 173568K, 0% used [0x00000006c2e00000,0x00000006c2e00000,0x00000006cd780000)
 Metaspace       used 16928K, capacity 17096K, committed 17408K, reserved 1064960K
  class space    used 1897K, capacity 1982K, committed 2048K, reserved 1048576K
Event: 1.929 GC heap after
Heap after GC invocations=1 (full 0):
 PSYoungGen      total 75776K, used 10721K [0x000000076ba00000, 0x0000000770e80000, 0x00000007c0000000)
  eden space 65024K, 0% used [0x000000076ba00000,0x000000076ba00000,0x000000076f980000)
  from space 10752K, 99% used [0x000000076f980000,0x00000007703f8630,0x0000000770400000)
  to   space 10752K, 0% used [0x0000000770400000,0x0000000770400000,0x0000000770e80000)
 ParOldGen       total 173568K, used 989K [0x00000006c2e00000, 0x00000006cd780000, 0x000000076ba00000)
  object space 173568K, 0% used [0x00000006c2e00000,0x00000006c2ef7618,0x00000006cd780000)
 Metaspace       used 16928K, capacity 17096K, committed 17408K, reserved 1064960K
  class space    used 1897K, capacity 1982K, committed 2048K, reserved 1048576K
}
Event: 2.271 GC heap before
{Heap before GC invocations=2 (full 0):
 PSYoungGen      total 75776K, used 43589K [0x000000076ba00000, 0x0000000770e80000, 0x00000007c0000000)
  eden space 65024K, 50% used [0x000000076ba00000,0x000000076da19020,0x000000076f980000)
  from space 10752K, 99% used [0x000000076f980000,0x00000007703f8630,0x0000000770400000)
  to   space 10752K, 0% used [0x0000000770400000,0x0000000770400000,0x0000000770e80000)
 ParOldGen       total 173568K, used 989K [0x00000006c2e00000, 0x00000006cd780000, 0x000000076ba00000)
  object space 173568K, 0% used [0x00000006c2e00000,0x00000006c2ef7618,0x00000006cd780000)
 Metaspace       used 20915K, capacity 21156K, committed 21248K, reserved 1069056K
  class space    used 2439K, capacity 2536K, committed 2560K, reserved 1048576K
Event: 2.278 GC heap after
Heap after GC invocations=2 (full 0):
 PSYoungGen      total 75776K, used 9662K [0x000000076ba00000, 0x0000000770e80000, 0x00000007c0000000)
  eden space 65024K, 0% used [0x000000076ba00000,0x000000076ba00000,0x000000076f980000)
  from space 10752K, 89% used [0x0000000770400000,0x0000000770d6fb40,0x0000000770e80000)
  to   space 10752K, 0% used [0x000000076f980000,0x000000076f980000,0x0000000770400000)
 ParOldGen       total 173568K, used 997K [0x00000006c2e00000, 0x00000006cd780000, 0x000000076ba00000)
  object space 173568K, 0% used [0x00000006c2e00000,0x00000006c2ef9618,0x00000006cd780000)
 Metaspace       used 20915K, capacity 21156K, committed 21248K, reserved 1069056K
  class space    used 2439K, capacity 2536K, committed 2560K, reserved 1048576K
}
Event: 2.278 GC heap before
{Heap before GC invocations=3 (full 1):
 PSYoungGen      total 75776K, used 9662K [0x000000076ba00000, 0x0000000770e80000, 0x00000007c0000000)
  eden space 65024K, 0% used [0x000000076ba00000,0x000000076ba00000,0x000000076f980000)
  from space 10752K, 89% used [0x0000000770400000,0x0000000770d6fb40,0x0000000770e80000)
  to   space 10752K, 0% used [0x000000076f980000,0x000000076f980000,0x0000000770400000)
 ParOldGen       total 173568K, used 997K [0x00000006c2e00000, 0x00000006cd780000, 0x000000076ba00000)
  object space 173568K, 0% used [0x00000006c2e00000,0x00000006c2ef9618,0x00000006cd780000)
 Metaspace       used 20915K, capacity 21156K, committed 21248K, reserved 1069056K
  class space    used 2439K, capacity 2536K, committed 2560K, reserved 1048576K
Event: 2.307 GC heap after
Heap after GC invocations=3 (full 1):
 PSYoungGen      total 75776K, used 0K [0x000000076ba00000, 0x0000000770e80000, 0x00000007c0000000)
  eden space 65024K, 0% used [0x000000076ba00000,0x000000076ba00000,0x000000076f980000)
  from space 10752K, 0% used [0x0000000770400000,0x0000000770400000,0x0000000770e80000)
  to   space 10752K, 0% used [0x000000076f980000,0x000000076f980000,0x0000000770400000)
 ParOldGen       total 110080K, used 9426K [0x00000006c2e00000, 0x00000006c9980000, 0x000000076ba00000)
  object space 110080K, 8% used [0x00000006c2e00000,0x00000006c3734b60,0x00000006c9980000)
 Metaspace       used 20915K, capacity 21156K, committed 21248K, reserved 1069056K
  class space    used 2439K, capacity 2536K, committed 2560K, reserved 1048576K
}
Event: 63.904 GC heap before
{Heap before GC invocations=4 (full 1):
 PSYoungGen      total 75776K, used 65024K [0x000000076ba00000, 0x0000000770e80000, 0x00000007c0000000)
  eden space 65024K, 100% used [0x000000076ba00000,0x000000076f980000,0x000000076f980000)
  from space 10752K, 0% used [0x0000000770400000,0x0000000770400000,0x0000000770e80000)
  to   space 10752K, 0% used [0x000000076f980000,0x000000076f980000,0x0000000770400000)
 ParOldGen       total 110080K, used 9426K [0x00000006c2e00000, 0x00000006c9980000, 0x000000076ba00000)
  object space 110080K, 8% used [0x00000006c2e00000,0x00000006c3734b60,0x00000006c9980000)
 Metaspace       used 29590K, capacity 30390K, committed 30592K, reserved 1075200K
  class space    used 3717K, capacity 3915K, committed 3968K, reserved 1048576K
Event: 63.908 GC heap after
Heap after GC invocations=4 (full 1):
 PSYoungGen      total 75776K, used 8413K [0x000000076ba00000, 0x0000000772700000, 0x00000007c0000000)
  eden space 65024K, 0% used [0x000000076ba00000,0x000000076ba00000,0x000000076f980000)
  from space 10752K, 78% used [0x000000076f980000,0x00000007701b7508,0x0000000770400000)
  to   space 10752K, 0% used [0x0000000771c80000,0x0000000771c80000,0x0000000772700000)
 ParOldGen       total 110080K, used 9434K [0x00000006c2e00000, 0x00000006c9980000, 0x000000076ba00000)
  object space 110080K, 8% used [0x00000006c2e00000,0x00000006c3736b60,0x00000006c9980000)
 Metaspace       used 29590K, capacity 30390K, committed 30592K, reserved 1075200K
  class space    used 3717K, capacity 3915K, committed 3968K, reserved 1048576K
}

Deoptimization events (10 events):
Event: 63.840 Thread 0x0000000002b04000 Uncommon trap: reason=unstable_if action=reinterpret pc=0x0000000003373d00 method=java.lang.String$CaseInsensitiveComparator.compare(Ljava/lang/String;Ljava/lang/String;)I @ 70
Event: 63.843 Thread 0x0000000002b04000 Uncommon trap: reason=class_check action=maybe_recompile pc=0x000000000342c278 method=org.openqa.selenium.json.Input.init()V @ 18
Event: 63.843 Thread 0x0000000002b04000 Uncommon trap: reason=class_check action=maybe_recompile pc=0x000000000342c278 method=org.openqa.selenium.json.Input.init()V @ 18
Event: 63.843 Thread 0x0000000002b04000 Uncommon trap: reason=class_check action=maybe_recompile pc=0x000000000342c278 method=org.openqa.selenium.json.Input.init()V @ 18
Event: 63.843 Thread 0x0000000002b04000 Uncommon trap: reason=class_check action=maybe_recompile pc=0x000000000342c278 method=org.openqa.selenium.json.Input.init()V @ 18
Event: 63.858 Thread 0x0000000002b04000 Uncommon trap: reason=unstable_if action=reinterpret pc=0x000000000329d4a8 method=java.util.concurrent.ConcurrentHashMap.get(Ljava/lang/Object;)Ljava/lang/Object; @ 76
Event: 63.858 Thread 0x0000000002b04000 Uncommon trap: reason=class_check action=maybe_recompile pc=0x00000000032db89c method=java.util.concurrent.ConcurrentHashMap.putVal(Ljava/lang/Object;Ljava/lang/Object;Z)Ljava/lang/Object; @ 192
Event: 63.862 Thread 0x0000000002b04000 Uncommon trap: reason=class_check action=maybe_recompile pc=0x00000000032db89c method=java.util.concurrent.ConcurrentHashMap.putVal(Ljava/lang/Object;Ljava/lang/Object;Z)Ljava/lang/Object; @ 192
Event: 63.863 Thread 0x0000000002b04000 Uncommon trap: reason=class_check action=maybe_recompile pc=0x00000000032db89c method=java.util.concurrent.ConcurrentHashMap.putVal(Ljava/lang/Object;Ljava/lang/Object;Z)Ljava/lang/Object; @ 192
Event: 64.031 Thread 0x0000000002b04000 Uncommon trap: reason=unstable_if action=reinterpret pc=0x000000000346eaac method=freemarker.core.SimpleCharStream.readChar()C @ 32

Internal exceptions (10 events):
Event: 2.233 Thread 0x0000000002b04000 Exception <a 'java/lang/ClassNotFoundException': java/lang/EnumCustomizer> (0x000000076d440a50) thrown at [C:\re\workspace\8-2-build-windows-amd64-cygwin\jdk8u131\8869\hotspot\src\share\vm\classfile\systemDictionary.cpp, line 210]
Event: 2.234 Thread 0x0000000002b04000 Exception <a 'java/lang/ClassNotFoundException': com/relevantcodes/extentreports/LogStatusCustomizer> (0x000000076d45b530) thrown at [C:\re\workspace\8-2-build-windows-amd64-cygwin\jdk8u131\8869\hotspot\src\share\vm\classfile\systemDictionary.cpp, line 21
Event: 3.179 Thread 0x0000000020a47000 Exception <a 'java/net/SocketTimeoutException': connect timed out> (0x000000076e6413c0) thrown at [C:\re\workspace\8-2-build-windows-amd64-cygwin\jdk8u131\8869\hotspot\src\share\vm\prims\jni.cpp, line 735]
Event: 3.214 Thread 0x0000000002b04000 Exception <a 'java/lang/IncompatibleClassChangeError': Found class java.lang.Object, but interface was expected> (0x000000076e7d4bd8) thrown at [C:\re\workspace\8-2-build-windows-amd64-cygwin\jdk8u131\8869\hotspot\src\share\vm\interpreter\linkResolver.cpp
Event: 3.216 Thread 0x0000000002b04000 Exception <a 'java/lang/NoSuchMethodError': java.lang.Object.lambda$or$2(Ljava/util/function/Predicate;Ljava/lang/Object;)Z> (0x000000076e7e28b8) thrown at [C:\re\workspace\8-2-build-windows-amd64-cygwin\jdk8u131\8869\hotspot\src\share\vm\interpreter\link
Event: 3.273 Thread 0x0000000002b04000 Exception <a 'java/lang/NoSuchMethodError': java.lang.Object.lambda$chars$0()Ljava/util/Spliterator$OfInt;> (0x000000076eadaf30) thrown at [C:\re\workspace\8-2-build-windows-amd64-cygwin\jdk8u131\8869\hotspot\src\share\vm\interpreter\linkResolver.cpp, lin
Event: 63.845 Thread 0x0000000002b04000 Exception <a 'java/lang/NoSuchMethodError': java.lang.Object.lambda$getResponseFunction$0(Lorg/openqa/selenium/remote/InitialHandshakeResponse;)Lorg/openqa/selenium/remote/ProtocolHandshake$Result;> (0x000000076f4fe1e0) thrown at [C:\re\workspace\8-2-buil
Event: 63.849 Thread 0x0000000002b04000 Exception <a 'java/lang/NoSuchMethodError': java.lang.Object.lambda$comparingInt$7b0bb60$1(Ljava/util/function/ToIntFunction;Ljava/lang/Object;Ljava/lang/Object;)I> (0x000000076f526fb8) thrown at [C:\re\workspace\8-2-build-windows-amd64-cygwin\jdk8u131\88
Event: 63.853 Thread 0x0000000002b04000 Exception <a 'java/lang/reflect/InvocationTargetException'> (0x000000076f549808) thrown at [C:\re\workspace\8-2-build-windows-amd64-cygwin\jdk8u131\8869\hotspot\src\share\vm\runtime\reflection.cpp, line 1092]
Event: 63.998 Thread 0x0000000002b04000 Exception <a 'java/lang/NoClassDefFoundError': org/python/core/PyException> (0x000000076c2acf00) thrown at [C:\re\workspace\8-2-build-windows-amd64-cygwin\jdk8u131\8869\hotspot\src\share\vm\classfile\systemDictionary.cpp, line 199]

Events (10 events):
Event: 64.045 loading class freemarker/debug/impl/DebuggerService$NoOpDebuggerService
Event: 64.045 loading class freemarker/debug/impl/DebuggerService$NoOpDebuggerService done
Event: 64.045 loading class freemarker/debug/impl/RmiDebuggerService
Event: 64.045 loading class freemarker/debug/impl/RmiDebuggerService done
Event: 64.046 loading class freemarker/cache/SoftCacheStorage$SoftValueReference
Event: 64.046 loading class freemarker/cache/SoftCacheStorage$SoftValueReference done
Event: 64.047 loading class freemarker/cache/TemplateCache$MaybeMissingTemplate
Event: 64.047 loading class freemarker/cache/TemplateCache$MaybeMissingTemplate done
Event: 64.048 loading class freemarker/core/Environment
Event: 64.048 loading class freemarker/core/Environment done


Dynamic libraries:
0x00007ff7e3350000 - 0x00007ff7e3387000 	C:\Program Files\Java\jdk1.8.0_131\bin\javaw.exe
0x00007ffc4b0e0000 - 0x00007ffc4b2d0000 	C:\Windows\SYSTEM32\ntdll.dll
0x00007ffc49e60000 - 0x00007ffc49f12000 	C:\Windows\System32\KERNEL32.DLL
0x00007ffc48db0000 - 0x00007ffc49055000 	C:\Windows\System32\KERNELBASE.dll
0x00007ffc496e0000 - 0x00007ffc49783000 	C:\Windows\System32\ADVAPI32.dll
0x00007ffc499f0000 - 0x00007ffc49a8e000 	C:\Windows\System32\msvcrt.dll
0x00007ffc4a410000 - 0x00007ffc4a4a7000 	C:\Windows\System32\sechost.dll
0x00007ffc498d0000 - 0x00007ffc499ef000 	C:\Windows\System32\RPCRT4.dll
0x00007ffc49cc0000 - 0x00007ffc49e54000 	C:\Windows\System32\USER32.dll
0x00007ffc48d80000 - 0x00007ffc48da1000 	C:\Windows\System32\win32u.dll
0x00007ffc49a90000 - 0x00007ffc49ab6000 	C:\Windows\System32\GDI32.dll
0x00007ffc48160000 - 0x00007ffc482f8000 	C:\Windows\System32\gdi32full.dll
0x00007ffc49060000 - 0x00007ffc490fe000 	C:\Windows\System32\msvcp_win.dll
0x00007ffc48470000 - 0x00007ffc4856a000 	C:\Windows\System32\ucrtbase.dll
0x00007ffc33b30000 - 0x00007ffc33db4000 	C:\Windows\WinSxS\amd64_microsoft.windows.common-controls_6595b64144ccf1df_6.0.18362.1316_none_9e7a364fe461dbd7\COMCTL32.dll
0x00007ffc4a070000 - 0x00007ffc4a3a7000 	C:\Windows\System32\combase.dll
0x00007ffc48cf0000 - 0x00007ffc48d71000 	C:\Windows\System32\bcryptPrimitives.dll
0x00007ffc4aea0000 - 0x00007ffc4aece000 	C:\Windows\System32\IMM32.DLL
0x000000005c330000 - 0x000000005c402000 	C:\Program Files\Java\jdk1.8.0_131\jre\bin\msvcr100.dll
0x000000005ba90000 - 0x000000005c32c000 	C:\Program Files\Java\jdk1.8.0_131\jre\bin\server\jvm.dll
0x00007ffc49ac0000 - 0x00007ffc49ac8000 	C:\Windows\System32\PSAPI.DLL
0x00007ffc42c80000 - 0x00007ffc42ca4000 	C:\Windows\SYSTEM32\WINMM.dll
0x00007ffc3d550000 - 0x00007ffc3d55a000 	C:\Windows\SYSTEM32\VERSION.dll
0x00007ffc20710000 - 0x00007ffc20719000 	C:\Windows\SYSTEM32\WSOCK32.dll
0x00007ffc49f40000 - 0x00007ffc49faf000 	C:\Windows\System32\WS2_32.dll
0x00007ffc42c50000 - 0x00007ffc42c7d000 	C:\Windows\SYSTEM32\WINMMBASE.dll
0x00007ffc48110000 - 0x00007ffc4815a000 	C:\Windows\System32\cfgmgr32.dll
0x000000005ba80000 - 0x000000005ba8f000 	C:\Program Files\Java\jdk1.8.0_131\jre\bin\verify.dll
0x000000005ba50000 - 0x000000005ba79000 	C:\Program Files\Java\jdk1.8.0_131\jre\bin\java.dll
0x000000005ba30000 - 0x000000005ba46000 	C:\Program Files\Java\jdk1.8.0_131\jre\bin\zip.dll
0x00007ffc4a4b0000 - 0x00007ffc4ab98000 	C:\Windows\System32\SHELL32.dll
0x00007ffc49fb0000 - 0x00007ffc4a057000 	C:\Windows\System32\shcore.dll
0x00007ffc48570000 - 0x00007ffc48ceb000 	C:\Windows\System32\windows.storage.dll
0x00007ffc48010000 - 0x00007ffc48033000 	C:\Windows\System32\profapi.dll
0x00007ffc47fc0000 - 0x00007ffc4800a000 	C:\Windows\System32\powrprof.dll
0x00007ffc47f90000 - 0x00007ffc47fa0000 	C:\Windows\System32\UMPDC.dll
0x00007ffc49600000 - 0x00007ffc49652000 	C:\Windows\System32\shlwapi.dll
0x00007ffc47fa0000 - 0x00007ffc47fb1000 	C:\Windows\System32\kernel.appcore.dll
0x00007ffc48450000 - 0x00007ffc48467000 	C:\Windows\System32\cryptsp.dll
0x000000005ba10000 - 0x000000005ba2a000 	C:\Program Files\Java\jdk1.8.0_131\jre\bin\net.dll
0x00007ffc47720000 - 0x00007ffc47787000 	C:\Windows\system32\mswsock.dll
0x00007ffc47480000 - 0x00007ffc4754b000 	C:\Windows\SYSTEM32\DNSAPI.dll
0x00007ffc4a060000 - 0x00007ffc4a068000 	C:\Windows\System32\NSI.dll
0x00007ffc47440000 - 0x00007ffc4747a000 	C:\Windows\SYSTEM32\IPHLPAPI.DLL
0x00007ffc3d580000 - 0x00007ffc3d58a000 	C:\Windows\System32\rasadhlp.dll
0x00007ffc3ebd0000 - 0x00007ffc3ec47000 	C:\Windows\System32\fwpuclnt.dll
0x00007ffc49100000 - 0x00007ffc49126000 	C:\Windows\System32\bcrypt.dll
0x000000005b9e0000 - 0x000000005ba04000 	C:\Program Files\Java\jdk1.8.0_131\jre\bin\sunec.dll
0x00007ffc3ec70000 - 0x00007ffc3ec86000 	C:\Windows\SYSTEM32\dhcpcsvc6.DLL
0x00007ffc3ec50000 - 0x00007ffc3ec6c000 	C:\Windows\SYSTEM32\dhcpcsvc.DLL
0x000000005b9c0000 - 0x000000005b9d1000 	C:\Program Files\Java\jdk1.8.0_131\jre\bin\nio.dll
0x00007ffc47040000 - 0x00007ffc47073000 	C:\Windows\system32\rsaenh.dll
0x00007ffc47eb0000 - 0x00007ffc47ed5000 	C:\Windows\SYSTEM32\USERENV.dll
0x00007ffc478a0000 - 0x00007ffc478ac000 	C:\Windows\SYSTEM32\CRYPTBASE.dll
0x000000005b9b0000 - 0x000000005b9bb000 	C:\Program Files\Java\jdk1.8.0_131\jre\bin\sunmscapi.dll
0x00007ffc48300000 - 0x00007ffc4844a000 	C:\Windows\System32\CRYPT32.dll
0x00007ffc48040000 - 0x00007ffc48052000 	C:\Windows\System32\MSASN1.dll
0x00007ffc0db70000 - 0x00007ffc0db86000 	C:\Windows\system32\napinsp.dll
0x00007ffc0db50000 - 0x00007ffc0db6a000 	C:\Windows\system32\pnrpnsp.dll
0x00007ffc0db40000 - 0x00007ffc0db4e000 	C:\Windows\System32\winrnr.dll
0x00007ffc40f20000 - 0x00007ffc40f3c000 	C:\Windows\system32\NLAapi.dll
0x00007ffc3f870000 - 0x00007ffc3f885000 	C:\Windows\system32\wshbth.dll
0x000000005b9a0000 - 0x000000005b9ad000 	C:\Program Files\Java\jdk1.8.0_131\jre\bin\management.dll

VM Arguments:
jvm_args: -ea -Dfile.encoding=Cp1252 
java_command: org.testng.remote.RemoteTestNG -serport 63788 -protocol json -d C:\Users\ranjeetverma\eclipse-workspace\RanjeetVermaFinalAssignment\test-output C:\Users\RANJEE~1\AppData\Local\Temp\testng-eclipse-1513856997\testng-customsuite.xml
java_class_path (initial): C:\Users\ranjeetverma\eclipse\java-2020-09\eclipse\configuration\org.eclipse.osgi\431\0\.cp\lib\testng-remote.jar;C:\Users\ranjeetverma\eclipse-workspace\RanjeetVermaFinalAssignment\target\test-classes;C:\Users\ranjeetverma\eclipse-workspace\RanjeetVermaFinalAssignment\target\classes;C:\selenium-java-3.141.59\client-combined-3.141.59.jar;C:\selenium-java-3.141.59\client-combined-3.141.59-sources.jar;C:\selenium-java-3.141.59\libs\byte-buddy-1.8.15.jar;C:\selenium-java-3.141.59\libs\commons-exec-1.3.jar;C:\selenium-java-3.141.59\libs\guava-25.0-jre.jar;C:\selenium-java-3.141.59\libs\okhttp-3.11.0.jar;C:\selenium-java-3.141.59\libs\okio-1.14.0.jar;C:\Users\ranjeetverma\eclipse-workspace\SupportedJarfile\target\classes;C:\Users\ranjeetverma\.m2\repository\org\seleniumhq\selenium\selenium-java\3.141.59\selenium-java-3.141.59.jar;C:\Users\ranjeetverma\.m2\repository\org\seleniumhq\selenium\selenium-api\3.141.59\selenium-api-3.141.59.jar;C:\Users\ranjeetverma\.m2\repository\org\seleniumhq\selenium\selenium-chrome-driver\3.141.59\selenium-chrome-driver-3.141.59.jar;C:\Users\ranjeetverma\.m2\repository\org\seleniumhq\selenium\selenium-edge-driver\3.141.59\selenium-edge-driver-3.141.59.jar;C:\Users\ranjeetverma\.m2\repository\org\seleniumhq\selenium\selenium-firefox-driver\3.141.59\selenium-firefox-driver-3.141.59.jar;C:\Users\ranjeetverma\.m2\repository\org\seleniumhq\selenium\selenium-ie-driver\3.141.59\selenium-ie-driver-3.141.59.jar;C:\Users\ranjeetverma\.m2\repository\org\seleniumhq\selenium\selenium-opera-driver\3.141.59\selenium-opera-driver-3.141.59.jar;C:\Users\ranjeetverma\.m2\repository\org\seleniumhq\selenium\selenium-remote-driver\3.141.59\selenium-remote-driver-3.141.59.jar;C:\Users\ranjeetverma\.m2\repository\org\seleniumhq\selenium\selenium-safari-driver\3.141.59\selenium-safari-driver-3.141.59.jar;C:\Users\ranjeetverma\.m2\repository\org\seleniumhq\selenium\selenium-support\3.141.59\selenium-support-3.141.59.jar;C:\Users\ranjeetv
Launcher Type: SUN_STANDARD

Environment Variables:
JAVA_HOME=C:\Program Files\Java\jdk1.8.0_221
PATH=C:/Users/ranjeetverma/.p2/pool/plugins/org.eclipse.justj.openjdk.hotspot.jre.full.win32.x86_64_14.0.2.v20200815-0932/jre/bin/server;C:/Users/ranjeetverma/.p2/pool/plugins/org.eclipse.justj.openjdk.hotspot.jre.full.win32.x86_64_14.0.2.v20200815-0932/jre/bin;C:\Program Files\Java\jdk1.8.0_221\bin;C:\Program Files (x86)\Common Files\Oracle\Java\javapath;C:\Windows\system32;C:\Windows;C:\Windows\System32\Wbem;C:\Windows\System32\WindowsPowerShell\v1.0\;C:\Windows\System32\OpenSSH\;C:\Program Files\TortoiseSVN\bin;C:\Program Files (x86)\Microsoft SQL Server\150\DTS\Binn\;C:\Program Files\Microsoft SQL Server\Client SDK\ODBC\130\Tools\Binn\;C:\Program Files (x86)\Microsoft SQL Server\140\Tools\Binn\;C:\Program Files\Microsoft SQL Server\140\Tools\Binn\;C:\Program Files\Microsoft SQL Server\140\DTS\Binn\;C:\Program Files\dotnet\;C:\Program Files\Microsoft SQL Server\130\Tools\Binn\;C:\Program Files (x86)\Microsoft SQL Server\140\DTS\Binn\;C:\Program Files (x86)\Microsoft SQL Server\Client SDK\ODBC\130\Tools\Binn\;C:\Program Files (x86)\Microsoft SQL Server\140\Tools\Binn\ManagementStudio\;C:\apache-maven-3.6.3-bin (1)\apache-maven-3.6.3\bin;C:\Program Files\nodejs\;C:\Program Files\Docker\Docker\resources\bin;C:\ProgramData\DockerDesktop\version-bin;C:\Users\ranjeetverma\AppData\Local\Android\Sdk\emulator;C:\Users\ranjeetverma\AppData\Local\Programs\Python\Python39\Scripts\;C:\Users\ranjeetverma\AppData\Local\Programs\Python\Python39\;C:\Users\ranjeetverma\AppData\Local\Microsoft\WindowsApps;C:\Users\ranjeetverma\.dotnet\tools;C:\Program Files\Java\jdk1.8.0_131\bin;C:\Program Files\JetBrains\PyCharm Community Edition 2020.3.1\bin;;C:\Users\ranjeetverma\AppData\Local\Android\Sdk\platform-tools;C:\Users\ranjeetverma\AppData\Roaming\npm;C:\Program Files\nodejs\node_modules\npm\bin;;C:\Windows\system32;
USERNAME=ranjeetverma
OS=Windows_NT
PROCESSOR_IDENTIFIER=Intel64 Family 6 Model 142 Stepping 12, GenuineIntel



---------------  S Y S T E M  ---------------

OS: Windows 10.0 , 64 bit Build 18362 (10.0.18362.1316)

CPU:total 8 (initial active 8) (4 cores per cpu, 2 threads per core) family 6 model 142 stepping 12, cmov, cx8, fxsr, mmx, sse, sse2, sse3, ssse3, sse4.1, sse4.2, popcnt, avx, avx2, aes, clmul, erms, 3dnowpref, lzcnt, ht, tsc, tscinvbit, bmi1, bmi2, adx

Memory: 4k page, physical 16587208k(4408784k free), swap 23733908k(5260k free)

vm_info: Java HotSpot(TM) 64-Bit Server VM (25.131-b11) for windows-amd64 JRE (1.8.0_131-b11), built on Mar 15 2017 01:23:53 by "java_re" with MS VC++ 10.0 (VS2010)

time: Thu Feb 11 18:09:41 2021
elapsed time: 64 seconds (0d 0h 1m 4s)

